2025-07-28 07:23:56 | INFO     | utils.logger_config:setup_logging:55 - Logging configured successfully
2025-07-28 07:23:56 | INFO     | utils.logger_config:setup_logging:56 - Log level set to: INFO
2025-07-28 07:23:56 | INFO     | utils.logger_config:setup_logging:57 - Logs directory: D:\Tech_Mahindra\t44444\backend\logs
2025-07-28 07:23:56 | INFO     | utils.error_handler:setup_error_handlers:57 - Error handlers configured
2025-07-28 07:24:02 | INFO     | services.vector_service:__init__:25 - Loaded embedding model: all-MiniLM-L6-v2
2025-07-28 07:24:03 | INFO     | __main__:<module>:159 - Starting server on 0.0.0.0:8000
2025-07-28 07:24:13 | INFO     | utils.logger_config:setup_logging:55 - Logging configured successfully
2025-07-28 07:24:13 | INFO     | utils.logger_config:setup_logging:56 - Log level set to: INFO
2025-07-28 07:24:13 | INFO     | utils.logger_config:setup_logging:57 - Logs directory: D:\Tech_Mahindra\t44444\backend\logs
2025-07-28 07:24:13 | INFO     | utils.error_handler:setup_error_handlers:57 - Error handlers configured
2025-07-28 07:24:19 | INFO     | services.vector_service:__init__:25 - Loaded embedding model: all-MiniLM-L6-v2
2025-07-28 07:24:19 | INFO     | utils.logger_config:setup_logging:55 - Logging configured successfully
2025-07-28 07:24:19 | INFO     | utils.logger_config:setup_logging:56 - Log level set to: INFO
2025-07-28 07:24:19 | INFO     | utils.logger_config:setup_logging:57 - Logs directory: D:\Tech_Mahindra\t44444\backend\logs
2025-07-28 07:24:19 | INFO     | utils.error_handler:setup_error_handlers:57 - Error handlers configured
2025-07-28 07:24:24 | INFO     | services.vector_service:__init__:25 - Loaded embedding model: all-MiniLM-L6-v2
2025-07-28 07:24:24 | INFO     | main:startup_event:50 - Starting Helpdesk Assistant API
2025-07-28 07:24:25 | INFO     | services.vector_service:initialize:51 - Connected to existing collection: helpdesk_tickets
2025-07-28 07:24:25 | INFO     | services.vector_service:initialize:62 - Vector service initialized successfully
2025-07-28 07:24:25 | INFO     | main:startup_event:53 - Vector service initialized successfully
2025-07-28 07:25:05 | INFO     | main:submit_ticket:91 - Processing ticket submission for user: amit
2025-07-28 07:25:05 | INFO     | services.ticket_service:process_ticket:51 - Processing ticket TKT-20250728-C6F944 for user amit
2025-07-28 07:25:05 | INFO     | services.vector_service:search_similar:203 - Searching for similar tickets with query: 'computer not turning on...'
2025-07-28 07:25:05 | INFO     | services.vector_service:search_similar:251 - Found 0 similar tickets above threshold 0.3
2025-07-28 07:25:05 | INFO     | services.ticket_service:_find_similar_tickets:244 - Found 0 similar tickets
2025-07-28 07:25:05 | INFO     | services.ticket_service:process_ticket:55 - Found 0 similar tickets
2025-07-28 07:25:05 | INFO     | services.ticket_service:process_ticket:84 - No high-confidence matches found (best: none), generating AI solution
2025-07-28 07:25:05 | INFO     | services.ai_service:analyze_ticket:106 - Starting AI analysis for ticket from amit
2025-07-28 07:25:13 | INFO     | services.ai_service:analyze_ticket:145 - AI analysis completed in 7229ms
2025-07-28 07:25:13 | INFO     | services.vector_service:add_resolved_ticket:193 - Added resolved ticket TKT-20250728-C6F944 to vector database
2025-07-28 07:25:13 | INFO     | services.ticket_service:_store_new_solution:172 - Stored new AI solution for ticket TKT-20250728-C6F944 in vector database
2025-07-28 07:25:13 | INFO     | services.ticket_service:process_ticket:130 - Ticket TKT-20250728-C6F944 processed successfully in 7525ms
2025-07-28 07:25:13 | INFO     | main:submit_ticket:93 - Ticket processed successfully. Type: IssueType.HARDWARE, Urgency: UrgencyLevel.HIGH
2025-07-28 07:25:29 | INFO     | main:escalate_ticket:114 - Escalating ticket for user: amit
2025-07-28 07:25:29 | INFO     | services.ticket_service:escalate_ticket:263 - Escalating ticket TKT-20250728-C6F944
2025-07-28 07:25:29 | INFO     | services.ai_service:generate_escalation:183 - Generating escalation information
2025-07-28 07:25:32 | INFO     | services.ai_service:generate_escalation:217 - Escalation information generated successfully
2025-07-28 07:25:32 | INFO     | services.vector_service:store_escalated_ticket:404 - Stored escalated ticket: TKT-20250728-C6F944
2025-07-28 07:25:32 | INFO     | services.ticket_service:escalate_ticket:309 - Ticket escalated successfully: ESC-20250728-5A655C
2025-07-28 07:25:40 | INFO     | main:get_admin_tickets:148 - Fetching all tickets for admin dashboard
2025-07-28 07:25:40 | INFO     | services.ticket_service:get_all_tickets_for_admin:447 - Fetching all tickets for admin dashboard
2025-07-28 07:25:41 | INFO     | services.vector_service:get_resolved_tickets:337 - Retrieved 1 resolved tickets
2025-07-28 07:25:41 | INFO     | services.vector_service:get_escalated_tickets:367 - Retrieved 1 escalated tickets
2025-07-28 07:25:41 | INFO     | services.ticket_service:get_all_tickets_for_admin:492 - Retrieved 2 tickets for admin dashboard
2025-07-28 07:25:41 | INFO     | main:get_admin_tickets:148 - Fetching all tickets for admin dashboard
2025-07-28 07:25:41 | INFO     | services.ticket_service:get_all_tickets_for_admin:447 - Fetching all tickets for admin dashboard
2025-07-28 07:25:41 | INFO     | services.vector_service:get_resolved_tickets:337 - Retrieved 1 resolved tickets
2025-07-28 07:25:41 | INFO     | services.vector_service:get_escalated_tickets:367 - Retrieved 1 escalated tickets
2025-07-28 07:25:41 | INFO     | services.ticket_service:get_all_tickets_for_admin:492 - Retrieved 2 tickets for admin dashboard
2025-07-28 07:28:48 | INFO     | utils.logger_config:setup_logging:55 - Logging configured successfully
2025-07-28 07:28:48 | INFO     | utils.logger_config:setup_logging:56 - Log level set to: INFO
2025-07-28 07:28:48 | INFO     | utils.logger_config:setup_logging:57 - Logs directory: D:\Tech_Mahindra\t44444\backend\logs
2025-07-28 07:28:48 | INFO     | utils.error_handler:setup_error_handlers:57 - Error handlers configured
2025-07-28 07:29:06 | INFO     | services.vector_service:__init__:25 - Loaded embedding model: all-MiniLM-L6-v2
2025-07-28 07:29:06 | INFO     | __main__:<module>:159 - Starting server on 0.0.0.0:8000
2025-07-28 07:29:18 | INFO     | utils.logger_config:setup_logging:55 - Logging configured successfully
2025-07-28 07:29:18 | INFO     | utils.logger_config:setup_logging:56 - Log level set to: INFO
2025-07-28 07:29:18 | INFO     | utils.logger_config:setup_logging:57 - Logs directory: D:\Tech_Mahindra\t44444\backend\logs
2025-07-28 07:29:18 | INFO     | utils.error_handler:setup_error_handlers:57 - Error handlers configured
2025-07-28 07:29:30 | INFO     | services.vector_service:__init__:25 - Loaded embedding model: all-MiniLM-L6-v2
2025-07-28 07:29:31 | INFO     | utils.logger_config:setup_logging:55 - Logging configured successfully
2025-07-28 07:29:31 | INFO     | utils.logger_config:setup_logging:56 - Log level set to: INFO
2025-07-28 07:29:31 | INFO     | utils.logger_config:setup_logging:57 - Logs directory: D:\Tech_Mahindra\t44444\backend\logs
2025-07-28 07:29:31 | INFO     | utils.error_handler:setup_error_handlers:57 - Error handlers configured
2025-07-28 07:29:42 | INFO     | services.vector_service:__init__:25 - Loaded embedding model: all-MiniLM-L6-v2
2025-07-28 07:29:43 | INFO     | main:startup_event:50 - Starting Helpdesk Assistant API
2025-07-28 07:29:43 | INFO     | services.vector_service:initialize:51 - Connected to existing collection: helpdesk_tickets
2025-07-28 07:29:43 | INFO     | services.vector_service:initialize:62 - Vector service initialized successfully
2025-07-28 07:29:43 | INFO     | main:startup_event:53 - Vector service initialized successfully
2025-07-28 07:32:04 | INFO     | main:get_admin_tickets:148 - Fetching all tickets for admin dashboard
2025-07-28 07:32:04 | INFO     | services.ticket_service:get_all_tickets_for_admin:447 - Fetching all tickets for admin dashboard
2025-07-28 07:32:04 | INFO     | services.vector_service:get_resolved_tickets:337 - Retrieved 1 resolved tickets
2025-07-28 07:32:04 | INFO     | services.vector_service:get_escalated_tickets:367 - Retrieved 1 escalated tickets
2025-07-28 07:32:04 | INFO     | services.ticket_service:get_all_tickets_for_admin:492 - Retrieved 2 tickets for admin dashboard
2025-07-28 07:32:04 | INFO     | main:get_admin_tickets:148 - Fetching all tickets for admin dashboard
2025-07-28 07:32:04 | INFO     | services.ticket_service:get_all_tickets_for_admin:447 - Fetching all tickets for admin dashboard
2025-07-28 07:32:04 | INFO     | services.vector_service:get_resolved_tickets:337 - Retrieved 1 resolved tickets
2025-07-28 07:32:04 | INFO     | services.vector_service:get_escalated_tickets:367 - Retrieved 1 escalated tickets
2025-07-28 07:32:04 | INFO     | services.ticket_service:get_all_tickets_for_admin:492 - Retrieved 2 tickets for admin dashboard
2025-07-28 07:32:50 | INFO     | main:get_admin_tickets:148 - Fetching all tickets for admin dashboard
2025-07-28 07:32:50 | INFO     | services.ticket_service:get_all_tickets_for_admin:447 - Fetching all tickets for admin dashboard
2025-07-28 07:32:50 | INFO     | services.vector_service:get_resolved_tickets:337 - Retrieved 1 resolved tickets
2025-07-28 07:32:50 | INFO     | services.vector_service:get_escalated_tickets:367 - Retrieved 1 escalated tickets
2025-07-28 07:32:50 | INFO     | services.ticket_service:get_all_tickets_for_admin:492 - Retrieved 2 tickets for admin dashboard
2025-07-28 07:34:19 | INFO     | utils.logger_config:setup_logging:55 - Logging configured successfully
2025-07-28 07:34:19 | INFO     | utils.logger_config:setup_logging:56 - Log level set to: INFO
2025-07-28 07:34:19 | INFO     | utils.logger_config:setup_logging:57 - Logs directory: D:\Tech_Mahindra\t44444\backend\logs
2025-07-28 07:34:19 | INFO     | utils.error_handler:setup_error_handlers:57 - Error handlers configured
2025-07-28 07:34:28 | INFO     | services.vector_service:__init__:25 - Loaded embedding model: all-MiniLM-L6-v2
2025-07-28 07:34:28 | INFO     | utils.logger_config:setup_logging:55 - Logging configured successfully
2025-07-28 07:34:28 | INFO     | utils.logger_config:setup_logging:56 - Log level set to: INFO
2025-07-28 07:34:28 | INFO     | utils.logger_config:setup_logging:57 - Logs directory: D:\Tech_Mahindra\t44444\backend\logs
2025-07-28 07:34:28 | INFO     | utils.error_handler:setup_error_handlers:57 - Error handlers configured
2025-07-28 07:34:34 | INFO     | services.vector_service:__init__:25 - Loaded embedding model: all-MiniLM-L6-v2
2025-07-28 07:34:34 | INFO     | main:startup_event:50 - Starting Helpdesk Assistant API
2025-07-28 07:34:34 | INFO     | services.vector_service:initialize:51 - Connected to existing collection: helpdesk_tickets
2025-07-28 07:34:34 | INFO     | services.vector_service:initialize:62 - Vector service initialized successfully
2025-07-28 07:34:34 | INFO     | main:startup_event:53 - Vector service initialized successfully
2025-07-28 08:02:04 | INFO     | utils.logger_config:setup_logging:55 - Logging configured successfully
2025-07-28 08:02:04 | INFO     | utils.logger_config:setup_logging:56 - Log level set to: INFO
2025-07-28 08:02:04 | INFO     | utils.logger_config:setup_logging:57 - Logs directory: D:\Tech_Mahindra\t44444\backend\logs
2025-07-28 08:02:04 | INFO     | utils.error_handler:setup_error_handlers:57 - Error handlers configured
2025-07-28 08:02:17 | INFO     | services.vector_service:__init__:25 - Loaded embedding model: all-MiniLM-L6-v2
2025-07-28 08:02:17 | INFO     | __main__:<module>:159 - Starting server on 0.0.0.0:8000
2025-07-28 08:02:26 | INFO     | utils.logger_config:setup_logging:55 - Logging configured successfully
2025-07-28 08:02:26 | INFO     | utils.logger_config:setup_logging:56 - Log level set to: INFO
2025-07-28 08:02:26 | INFO     | utils.logger_config:setup_logging:57 - Logs directory: D:\Tech_Mahindra\t44444\backend\logs
2025-07-28 08:02:26 | INFO     | utils.error_handler:setup_error_handlers:57 - Error handlers configured
2025-07-28 08:02:33 | INFO     | services.vector_service:__init__:25 - Loaded embedding model: all-MiniLM-L6-v2
2025-07-28 08:02:33 | INFO     | utils.logger_config:setup_logging:55 - Logging configured successfully
2025-07-28 08:02:33 | INFO     | utils.logger_config:setup_logging:56 - Log level set to: INFO
2025-07-28 08:02:33 | INFO     | utils.logger_config:setup_logging:57 - Logs directory: D:\Tech_Mahindra\t44444\backend\logs
2025-07-28 08:02:33 | INFO     | utils.error_handler:setup_error_handlers:57 - Error handlers configured
2025-07-28 08:02:37 | INFO     | services.vector_service:__init__:25 - Loaded embedding model: all-MiniLM-L6-v2
2025-07-28 08:02:38 | INFO     | main:startup_event:50 - Starting Helpdesk Assistant API
2025-07-28 08:02:38 | INFO     | services.vector_service:initialize:51 - Connected to existing collection: helpdesk_tickets
2025-07-28 08:02:38 | INFO     | services.vector_service:initialize:62 - Vector service initialized successfully
2025-07-28 08:02:38 | INFO     | main:startup_event:53 - Vector service initialized successfully
2025-07-28 10:03:19 | INFO     | main:submit_ticket:91 - Processing ticket submission for user: amit
2025-07-28 10:03:19 | INFO     | services.ticket_service:process_ticket:51 - Processing ticket TKT-20250728-71388B for user amit
2025-07-28 10:03:19 | INFO     | services.vector_service:search_similar:203 - Searching for similar tickets with query: 'vpn is not working...'
2025-07-28 10:03:19 | INFO     | services.vector_service:search_similar:251 - Found 3 similar tickets above threshold 0.3
2025-07-28 10:03:19 | INFO     | services.vector_service:search_similar:253 - Best match: TKT-20250727-773657 with similarity 1.000
2025-07-28 10:03:19 | INFO     | services.ticket_service:_find_similar_tickets:244 - Found 3 similar tickets
2025-07-28 10:03:19 | INFO     | services.ticket_service:process_ticket:55 - Found 3 similar tickets
2025-07-28 10:03:19 | INFO     | services.ticket_service:process_ticket:57 - Best similarity score: 1.000
2025-07-28 10:03:19 | INFO     | services.ticket_service:process_ticket:74 - Very high-confidence match found (similarity: 1.000), using database solution
2025-07-28 10:03:19 | INFO     | services.ticket_service:process_ticket:130 - Ticket TKT-20250728-71388B processed successfully in 288ms
2025-07-28 10:03:19 | INFO     | main:submit_ticket:93 - Ticket processed successfully. Type: IssueType.NETWORK, Urgency: UrgencyLevel.HIGH
2025-07-28 10:19:21 | INFO     | utils.logger_config:setup_logging:55 - Logging configured successfully
2025-07-28 10:19:21 | INFO     | utils.logger_config:setup_logging:56 - Log level set to: INFO
2025-07-28 10:19:21 | INFO     | utils.logger_config:setup_logging:57 - Logs directory: D:\Tech_Mahindra\t44444\backend\logs
2025-07-28 10:19:21 | INFO     | utils.error_handler:setup_error_handlers:57 - Error handlers configured
2025-07-28 10:19:28 | INFO     | services.vector_service:__init__:25 - Loaded embedding model: all-MiniLM-L6-v2
2025-07-28 10:19:29 | INFO     | __main__:<module>:159 - Starting server on 0.0.0.0:8000
2025-07-28 10:19:39 | INFO     | utils.logger_config:setup_logging:55 - Logging configured successfully
2025-07-28 10:19:39 | INFO     | utils.logger_config:setup_logging:56 - Log level set to: INFO
2025-07-28 10:19:39 | INFO     | utils.logger_config:setup_logging:57 - Logs directory: D:\Tech_Mahindra\t44444\backend\logs
2025-07-28 10:19:39 | INFO     | utils.error_handler:setup_error_handlers:57 - Error handlers configured
2025-07-28 10:19:45 | INFO     | services.vector_service:__init__:25 - Loaded embedding model: all-MiniLM-L6-v2
2025-07-28 10:19:45 | INFO     | utils.logger_config:setup_logging:55 - Logging configured successfully
2025-07-28 10:19:45 | INFO     | utils.logger_config:setup_logging:56 - Log level set to: INFO
2025-07-28 10:19:45 | INFO     | utils.logger_config:setup_logging:57 - Logs directory: D:\Tech_Mahindra\t44444\backend\logs
2025-07-28 10:19:45 | INFO     | utils.error_handler:setup_error_handlers:57 - Error handlers configured
2025-07-28 10:19:49 | INFO     | services.vector_service:__init__:25 - Loaded embedding model: all-MiniLM-L6-v2
2025-07-28 10:19:49 | INFO     | main:startup_event:50 - Starting Helpdesk Assistant API
2025-07-28 10:19:50 | INFO     | services.vector_service:initialize:51 - Connected to existing collection: helpdesk_tickets
2025-07-28 10:19:50 | INFO     | services.vector_service:initialize:62 - Vector service initialized successfully
2025-07-28 10:19:50 | INFO     | main:startup_event:53 - Vector service initialized successfully
2025-07-28 10:29:08 | INFO     | main:submit_ticket:91 - Processing ticket submission for user: Amit
2025-07-28 10:29:08 | INFO     | services.ticket_service:process_ticket:51 - Processing ticket TKT-20250728-056374 for user Amit
2025-07-28 10:29:08 | INFO     | services.vector_service:search_similar:203 - Searching for similar tickets with query: 'Email is crashing when opening files from mails...'
2025-07-28 10:29:08 | INFO     | services.vector_service:search_similar:251 - Found 1 similar tickets above threshold 0.3
2025-07-28 10:29:08 | INFO     | services.vector_service:search_similar:253 - Best match: TKT-2024-003 with similarity 0.820
2025-07-28 10:29:08 | INFO     | services.ticket_service:_find_similar_tickets:244 - Found 1 similar tickets
2025-07-28 10:29:08 | INFO     | services.ticket_service:process_ticket:55 - Found 1 similar tickets
2025-07-28 10:29:08 | INFO     | services.ticket_service:process_ticket:57 - Best similarity score: 0.820
2025-07-28 10:29:08 | INFO     | services.ticket_service:process_ticket:81 - Match found but not confident enough (similarity: 0.820, threshold: 0.8), generating AI solution
2025-07-28 10:29:08 | INFO     | services.ticket_service:process_ticket:84 - No high-confidence matches found (best: 0.82), generating AI solution
2025-07-28 10:29:08 | INFO     | services.ai_service:analyze_ticket:106 - Starting AI analysis for ticket from Amit
2025-07-28 10:29:11 | INFO     | services.ai_service:analyze_ticket:145 - AI analysis completed in 3332ms
2025-07-28 10:29:11 | INFO     | services.vector_service:add_resolved_ticket:193 - Added resolved ticket TKT-20250728-056374 to vector database
2025-07-28 10:29:11 | INFO     | services.ticket_service:_store_new_solution:172 - Stored new AI solution for ticket TKT-20250728-056374 in vector database
2025-07-28 10:29:11 | INFO     | services.ticket_service:process_ticket:130 - Ticket TKT-20250728-056374 processed successfully in 3515ms
2025-07-28 10:29:11 | INFO     | main:submit_ticket:93 - Ticket processed successfully. Type: IssueType.SOFTWARE, Urgency: UrgencyLevel.HIGH
2025-07-28 10:30:00 | INFO     | main:submit_ticket:91 - Processing ticket submission for user: Amit
2025-07-28 10:30:00 | INFO     | services.ticket_service:process_ticket:51 - Processing ticket TKT-20250728-4CA5FD for user Amit
2025-07-28 10:30:00 | INFO     | services.vector_service:search_similar:203 - Searching for similar tickets with query: 'Email is crashing while opening attachments...'
2025-07-28 10:30:00 | INFO     | services.vector_service:search_similar:251 - Found 2 similar tickets above threshold 0.3
2025-07-28 10:30:00 | INFO     | services.vector_service:search_similar:253 - Best match: TKT-2024-003 with similarity 0.943
2025-07-28 10:30:00 | INFO     | services.ticket_service:_find_similar_tickets:244 - Found 2 similar tickets
2025-07-28 10:30:00 | INFO     | services.ticket_service:process_ticket:55 - Found 2 similar tickets
2025-07-28 10:30:00 | INFO     | services.ticket_service:process_ticket:57 - Best similarity score: 0.943
2025-07-28 10:30:00 | INFO     | services.ticket_service:process_ticket:74 - Very high-confidence match found (similarity: 0.943), using database solution
2025-07-28 10:30:00 | INFO     | services.ticket_service:process_ticket:130 - Ticket TKT-20250728-4CA5FD processed successfully in 30ms
2025-07-28 10:30:00 | INFO     | main:submit_ticket:93 - Ticket processed successfully. Type: IssueType.SOFTWARE, Urgency: UrgencyLevel.MEDIUM
2025-07-28 10:31:40 | INFO     | main:get_admin_tickets:148 - Fetching all tickets for admin dashboard
2025-07-28 10:31:40 | INFO     | services.ticket_service:get_all_tickets_for_admin:447 - Fetching all tickets for admin dashboard
2025-07-28 10:31:40 | INFO     | services.vector_service:get_resolved_tickets:337 - Retrieved 1 resolved tickets
2025-07-28 10:31:40 | INFO     | services.vector_service:get_escalated_tickets:367 - Retrieved 1 escalated tickets
2025-07-28 10:31:40 | INFO     | services.ticket_service:get_all_tickets_for_admin:492 - Retrieved 2 tickets for admin dashboard
2025-07-28 10:31:40 | INFO     | main:get_admin_tickets:148 - Fetching all tickets for admin dashboard
2025-07-28 10:31:40 | INFO     | services.ticket_service:get_all_tickets_for_admin:447 - Fetching all tickets for admin dashboard
2025-07-28 10:31:40 | INFO     | services.vector_service:get_resolved_tickets:337 - Retrieved 1 resolved tickets
2025-07-28 10:31:40 | INFO     | services.vector_service:get_escalated_tickets:367 - Retrieved 1 escalated tickets
2025-07-28 10:31:40 | INFO     | services.ticket_service:get_all_tickets_for_admin:492 - Retrieved 2 tickets for admin dashboard
